2010-08-11 17:23:08 Warning: Warning (512): <span style="color:Red;text-align:left"><b>SQL Error:</b> 1064: You have an error in your SQL syntax; check the manual that corresponds to your MySQL server version for the right syntax to use near 'findAll' at line 1</span> in [/var/www/cakephp/cake/libs/model/datasources/dbo_source.php, line 681]
2010-08-11 17:23:08 Warning: Warning (512): <span style="color:Red;text-align:left"><b>SQL Error:</b> 1064: You have an error in your SQL syntax; check the manual that corresponds to your MySQL server version for the right syntax to use near 'findAll' at line 1</span> in [/var/www/cakephp/cake/libs/model/datasources/dbo_source.php, line 681]
2010-08-11 17:26:30 Warning: Warning (512): <span style="color:Red;text-align:left"><b>SQL Error:</b> 1064: You have an error in your SQL syntax; check the manual that corresponds to your MySQL server version for the right syntax to use near 'findAll' at line 1</span> in [/var/www/cakephp/cake/libs/model/datasources/dbo_source.php, line 681]
2010-08-11 20:01:31 Warning: Warning (512): <span style="color:Red;text-align:left"><b>SQL Error:</b> 1064: You have an error in your SQL syntax; check the manual that corresponds to your MySQL server version for the right syntax to use near 'findAll' at line 1</span> in [/var/www/cakephp/cake/libs/model/datasources/dbo_source.php, line 681]
2010-08-11 20:01:31 Warning: Warning (2): Invalid argument supplied for foreach() in [/var/www/cakephp/app/views/registros/index.ctp, line 8]
2010-08-11 20:04:45 Warning: Warning (512): <span style="color:Red;text-align:left"><b>SQL Error:</b> 1064: You have an error in your SQL syntax; check the manual that corresponds to your MySQL server version for the right syntax to use near 'findAll' at line 1</span> in [/var/www/cakephp/cake/libs/model/datasources/dbo_source.php, line 681]
2010-08-11 20:04:45 Warning: Warning (2): Invalid argument supplied for foreach() in [/var/www/cakephp/app/views/registros/index.ctp, line 9]
2010-08-11 21:30:40 Warning: Warning (2): Missing argument 1 for RegistrosController::ler() in [/var/www/cakephp/app/controllers/registros_controller.php, line 13]
2010-08-11 21:47:21 Warning: Warning (2): Missing argument 1 for RegistrosController::ler() in [/var/www/cakephp/app/controllers/registros_controller.php, line 13]
2010-08-11 22:29:36 Warning: Warning (2): Missing argument 1 for RegistrosController::ler() in [/var/www/cakephp/app/controllers/registros_controller.php, line 13]
2010-08-11 22:46:28 Warning: Warning (512): <span style="color:Red;text-align:left"><b>SQL Error:</b> 1054: Unknown column 'Registro.evento_id' in 'field list'</span> in [/var/www/cakephp/cake/libs/model/datasources/dbo_source.php, line 681]
2010-08-11 22:46:28 Warning: Warning (2): Invalid argument supplied for foreach() in [/var/www/cakephp/cake/libs/model/datasources/dbo_source.php, line 1091]
2010-08-11 22:49:53 Warning: Warning (512): <span style="color:Red;text-align:left"><b>SQL Error:</b> 1054: Unknown column 'Registro.evento_id' in 'field list'</span> in [/var/www/cakephp/cake/libs/model/datasources/dbo_source.php, line 681]
2010-08-11 22:49:53 Warning: Warning (2): Invalid argument supplied for foreach() in [/var/www/cakephp/cake/libs/model/datasources/dbo_source.php, line 1091]
2010-08-11 22:50:10 Warning: Warning (512): <span style="color:Red;text-align:left"><b>SQL Error:</b> 1054: Unknown column 'Registro.evento_id' in 'field list'</span> in [/var/www/cakephp/cake/libs/model/datasources/dbo_source.php, line 681]
2010-08-11 22:50:10 Warning: Warning (2): Invalid argument supplied for foreach() in [/var/www/cakephp/cake/libs/model/datasources/dbo_source.php, line 1091]
2010-08-11 22:51:15 Warning: Warning (512): <span style="color:Red;text-align:left"><b>SQL Error:</b> 1054: Unknown column 'Registro.evento_id' in 'field list'</span> in [/var/www/cakephp/cake/libs/model/datasources/dbo_source.php, line 681]
2010-08-11 22:51:15 Warning: Warning (2): Invalid argument supplied for foreach() in [/var/www/cakephp/cake/libs/model/datasources/dbo_source.php, line 1091]
2010-08-11 22:51:21 Warning: Warning (512): <span style="color:Red;text-align:left"><b>SQL Error:</b> 1054: Unknown column 'Registro.evento_id' in 'field list'</span> in [/var/www/cakephp/cake/libs/model/datasources/dbo_source.php, line 681]
2010-08-11 22:51:21 Warning: Warning (2): Invalid argument supplied for foreach() in [/var/www/cakephp/cake/libs/model/datasources/dbo_source.php, line 1091]
2010-08-11 22:51:37 Warning: Warning (512): <span style="color:Red;text-align:left"><b>SQL Error:</b> 1054: Unknown column 'Registro.evento_id' in 'field list'</span> in [/var/www/cakephp/cake/libs/model/datasources/dbo_source.php, line 681]
2010-08-11 22:51:37 Warning: Warning (2): Invalid argument supplied for foreach() in [/var/www/cakephp/cake/libs/model/datasources/dbo_source.php, line 1091]
2010-08-11 22:53:01 Warning: Warning (512): <span style="color:Red;text-align:left"><b>SQL Error:</b> 1054: Unknown column 'Evento.registro_id' in 'on clause'</span> in [/var/www/cakephp/cake/libs/model/datasources/dbo_source.php, line 681]
2010-08-11 22:53:01 Warning: Warning (2): Invalid argument supplied for foreach() in [/var/www/cakephp/app/views/eventos/index.ctp, line 4]
2010-08-11 22:53:41 Warning: Warning (512): <span style="color:Red;text-align:left"><b>SQL Error:</b> 1054: Unknown column 'Registro.evento_id' in 'field list'</span> in [/var/www/cakephp/cake/libs/model/datasources/dbo_source.php, line 681]
2010-08-11 22:53:41 Warning: Warning (2): Invalid argument supplied for foreach() in [/var/www/cakephp/cake/libs/model/datasources/dbo_source.php, line 1091]
2010-08-11 22:54:45 Warning: Warning (512): <span style="color:Red;text-align:left"><b>SQL Error:</b> 1054: Unknown column 'Registro.evento_id' in 'field list'</span> in [/var/www/cakephp/cake/libs/model/datasources/dbo_source.php, line 681]
2010-08-11 22:54:45 Warning: Warning (2): Invalid argument supplied for foreach() in [/var/www/cakephp/cake/libs/model/datasources/dbo_source.php, line 1091]
2010-08-11 23:07:26 Warning: Warning (512): <span style="color:Red;text-align:left"><b>SQL Error:</b> 1054: Unknown column 'Registro.evento_id' in 'field list'</span> in [/var/www/cakephp/cake/libs/model/datasources/dbo_source.php, line 681]
2010-08-11 23:07:26 Warning: Warning (2): Invalid argument supplied for foreach() in [/var/www/cakephp/cake/libs/model/datasources/dbo_source.php, line 1091]
2010-08-11 23:33:05 Warning: Warning (512): <span style="color:Red;text-align:left"><b>SQL Error:</b> 1054: Unknown column 'Evento.registro_id' in 'on clause'</span> in [/var/www/cakephp/cake/libs/model/datasources/dbo_source.php, line 681]
2010-08-11 23:33:14 Warning: Warning (512): <span style="color:Red;text-align:left"><b>SQL Error:</b> 1054: Unknown column 'Evento.registro_id' in 'on clause'</span> in [/var/www/cakephp/cake/libs/model/datasources/dbo_source.php, line 681]
2010-08-11 23:33:14 Warning: Warning (2): Invalid argument supplied for foreach() in [/var/www/cakephp/app/views/eventos/index.ctp, line 4]
2010-08-11 23:38:21 Warning: Warning (2): Invalid argument supplied for foreach() in [/var/www/cakephp/app/views/eventos/ler.ctp, line 10]
2010-08-11 23:39:11 Warning: Warning (2): Invalid argument supplied for foreach() in [/var/www/cakephp/app/views/eventos/ler.ctp, line 10]
2010-08-11 23:40:44 Warning: Warning (2): Invalid argument supplied for foreach() in [/var/www/cakephp/app/views/eventos/ler.ctp, line 10]
2010-08-11 23:41:27 Warning: Warning (2): Invalid argument supplied for foreach() in [/var/www/cakephp/app/views/eventos/ler.ctp, line 10]
2010-08-11 23:41:48 Warning: Warning (2): Invalid argument supplied for foreach() in [/var/www/cakephp/app/views/eventos/ler.ctp, line 10]
2010-08-12 00:48:54 Warning: Warning (2): Invalid argument supplied for foreach() in [/var/www/cakephp/app/views/eventos/ler.ctp, line 10]
2010-08-12 01:24:54 Warning: Warning (2): Invalid argument supplied for foreach() in [/var/www/cakephp/app/views/eventos/ler.ctp, line 10]
2010-08-12 01:36:26 Warning: Warning (512): Method HtmlHelper::input does not exist in [/var/www/cakephp/cake/libs/view/helper.php, line 154]
2010-08-12 01:36:54 Warning: Warning (512): Method HtmlHelper::input does not exist in [/var/www/cakephp/cake/libs/view/helper.php, line 154]
2010-08-12 01:37:31 Warning: Warning (512): Method HtmlHelper::input does not exist in [/var/www/cakephp/cake/libs/view/helper.php, line 154]
2010-08-12 01:37:36 Warning: Warning (512): Method HtmlHelper::input does not exist in [/var/www/cakephp/cake/libs/view/helper.php, line 154]
2010-08-12 01:38:06 Warning: Warning (512): Method HtmlHelper::input does not exist in [/var/www/cakephp/cake/libs/view/helper.php, line 154]
2010-08-12 01:38:07 Warning: Warning (512): Method HtmlHelper::input does not exist in [/var/www/cakephp/cake/libs/view/helper.php, line 154]
2010-08-12 01:39:11 Warning: Warning (512): Method HtmlHelper::input does not exist in [/var/www/cakephp/cake/libs/view/helper.php, line 154]
2010-08-12 01:48:41 Warning: Warning (512): Method FormHelper::hiddenTag does not exist in [/var/www/cakephp/cake/libs/view/helper.php, line 154]
2010-08-12 13:47:37 Warning: Warning (512): <span style="color:Red;text-align:left"><b>SQL Error:</b> 1048: Column 'situacao' cannot be null</span> in [/var/www/cakephp/cake/libs/model/datasources/dbo_source.php, line 681]
2010-08-12 13:48:48 Warning: Warning (512): <span style="color:Red;text-align:left"><b>SQL Error:</b> 1054: Unknown column 'Registro.evento_id' in 'field list'</span> in [/var/www/cakephp/cake/libs/model/datasources/dbo_source.php, line 681]
2010-08-12 13:48:48 Warning: Warning (2): Invalid argument supplied for foreach() in [/var/www/cakephp/cake/libs/model/datasources/dbo_source.php, line 1091]
2010-08-12 13:49:06 Warning: Warning (512): <span style="color:Red;text-align:left"><b>SQL Error:</b> 1054: Unknown column 'Registro.evento_id' in 'field list'</span> in [/var/www/cakephp/cake/libs/model/datasources/dbo_source.php, line 681]
2010-08-12 13:49:06 Warning: Warning (2): Invalid argument supplied for foreach() in [/var/www/cakephp/cake/libs/model/datasources/dbo_source.php, line 1091]
2010-08-12 13:49:37 Warning: Warning (512): <span style="color:Red;text-align:left"><b>SQL Error:</b> 1054: Unknown column 'Registro.evento_id' in 'field list'</span> in [/var/www/cakephp/cake/libs/model/datasources/dbo_source.php, line 681]
2010-08-12 13:49:37 Warning: Warning (2): Invalid argument supplied for foreach() in [/var/www/cakephp/cake/libs/model/datasources/dbo_source.php, line 1091]
2010-08-12 13:50:09 Warning: Warning (2): Invalid argument supplied for foreach() in [/var/www/cakephp/app/views/eventos/ler.ctp, line 7]
2010-08-12 14:55:05 Warning: Warning (512): <span style="color:Red;text-align:left"><b>SQL Error:</b> 1054: Unknown column 'Registro.evento_id' in 'field list'</span> in [/var/www/cakephp/cake/libs/model/datasources/dbo_source.php, line 681]
2010-08-12 14:55:05 Warning: Warning (2): Invalid argument supplied for foreach() in [/var/www/cakephp/cake/libs/model/datasources/dbo_source.php, line 1091]
2010-08-12 16:18:57 Warning: Warning (512): Could not find AclComponent. Please include Acl in Controller::$components. in [/var/www/cakephp/cake/libs/controller/components/auth.php, line 421]
2010-08-14 12:00:33 Warning: Warning (2): trim() expects parameter 1 to be string, array given in [/var/www/cakephp/cake/libs/controller/components/auth.php, line 877]
2010-08-14 12:00:44 Warning: Warning (2): trim() expects parameter 1 to be string, array given in [/var/www/cakephp/cake/libs/controller/components/auth.php, line 877]
2010-08-14 12:00:53 Warning: Warning (2): trim() expects parameter 1 to be string, array given in [/var/www/cakephp/cake/libs/controller/components/auth.php, line 877]
2010-08-14 12:01:02 Warning: Warning (2): trim() expects parameter 1 to be string, array given in [/var/www/cakephp/cake/libs/controller/components/auth.php, line 877]
2010-08-14 12:01:15 Warning: Warning (2): trim() expects parameter 1 to be string, array given in [/var/www/cakephp/cake/libs/controller/components/auth.php, line 877]
2010-08-14 12:02:04 Warning: Warning (2): trim() expects parameter 1 to be string, array given in [/var/www/cakephp/cake/libs/controller/components/auth.php, line 877]
2010-08-14 12:03:45 Warning: Warning (2): trim() expects parameter 1 to be string, array given in [/var/www/cakephp/cake/libs/controller/components/auth.php, line 877]
2010-08-14 12:42:30 Warning: Warning (2): Invalid argument supplied for foreach() in [/var/www/cakephp/app/views/registros/index.ctp, line 18]
2010-08-14 12:43:54 Warning: Warning (2): Invalid argument supplied for foreach() in [/var/www/cakephp/app/views/registros/index.ctp, line 18]
2010-08-14 12:46:57 Warning: Warning (2): Invalid argument supplied for foreach() in [/var/www/cakephp/app/views/registros/index.ctp, line 18]
2010-08-14 12:47:20 Warning: Warning (2): Invalid argument supplied for foreach() in [/var/www/cakephp/app/views/registros/index.ctp, line 18]
2010-08-14 12:49:03 Warning: Warning (2): Invalid argument supplied for foreach() in [/var/www/cakephp/app/views/registros/index.ctp, line 18]
2010-08-14 12:49:05 Warning: Warning (2): Invalid argument supplied for foreach() in [/var/www/cakephp/app/views/registros/index.ctp, line 18]
2010-08-14 12:57:19 Warning: Warning (2): trim() expects parameter 1 to be string, array given in [/var/www/cakephp/cake/libs/controller/components/auth.php, line 877]
2010-08-14 13:14:58 Warning: Warning (512): <span style="color:Red;text-align:left"><b>SQL Error:</b> 1054: Unknown column 'nome' in 'order clause'</span> in [/var/www/cakephp/cake/libs/model/datasources/dbo_source.php, line 681]
2010-08-14 13:14:58 Warning: Warning (2): Invalid argument supplied for foreach() in [/var/www/cakephp/app/views/eventos/ler.ctp, line 7]
2010-08-14 13:16:15 Warning: Warning (2): Invalid argument supplied for foreach() in [/var/www/cakephp/app/views/eventos/ler.ctp, line 7]
2010-08-14 13:17:02 Warning: Warning (2): Invalid argument supplied for foreach() in [/var/www/cakephp/app/views/eventos/ler.ctp, line 7]
2010-08-14 13:18:17 Warning: Warning (2): Invalid argument supplied for foreach() in [/var/www/cakephp/app/views/eventos/ler.ctp, line 7]
2010-08-14 13:18:24 Warning: Warning (2): Invalid argument supplied for foreach() in [/var/www/cakephp/app/views/eventos/ler.ctp, line 7]
2010-08-14 13:19:35 Warning: Warning (2): Invalid argument supplied for foreach() in [/var/www/cakephp/app/views/eventos/ler.ctp, line 7]
2010-08-14 13:20:45 Warning: Warning (2): Invalid argument supplied for foreach() in [/var/www/cakephp/app/views/eventos/ler.ctp, line 7]
2010-08-14 14:04:10 Warning: Warning (2): trim() expects parameter 1 to be string, array given in [/var/www/cakephp/cake/libs/controller/components/auth.php, line 877]
2010-08-16 12:35:06 Warning: Warning (2): trim() expects parameter 1 to be string, array given in [/var/www/cakephp/cake/libs/controller/components/auth.php, line 877]
2010-08-16 12:42:40 Warning: Warning (2): Invalid argument supplied for foreach() in [/var/www/cakephp/app/views/eventos/ler.ctp, line 7]
2010-08-16 13:59:42 Warning: Warning (2): trim() expects parameter 1 to be string, array given in [/var/www/cakephp/cake/libs/controller/components/auth.php, line 877]
2010-08-16 14:43:44 Warning: Warning (2): trim() expects parameter 1 to be string, array given in [/var/www/cakephp/cake/libs/controller/components/auth.php, line 877]
2010-08-16 15:05:42 Warning: Warning (512): <span style="color:Red;text-align:left"><b>SQL Error:</b> 1054: Unknown column 'Array' in 'field list'</span> in [/var/www/cakephp/cake/libs/model/datasources/dbo_source.php, line 681]
2010-08-16 15:06:37 Warning: Warning (512): <span style="color:Red;text-align:left"><b>SQL Error:</b> 1054: Unknown column 'Array' in 'field list'</span> in [/var/www/cakephp/cake/libs/model/datasources/dbo_source.php, line 681]
2010-08-16 15:06:50 Warning: Warning (512): <span style="color:Red;text-align:left"><b>SQL Error:</b> 1054: Unknown column 'Array' in 'field list'</span> in [/var/www/cakephp/cake/libs/model/datasources/dbo_source.php, line 681]
2010-08-16 15:08:58 Warning: Warning (512): <span style="color:Red;text-align:left"><b>SQL Error:</b> 1054: Unknown column 'Array' in 'field list'</span> in [/var/www/cakephp/cake/libs/model/datasources/dbo_source.php, line 681]
2010-08-16 15:25:32 Warning: Warning (512): <span style="color:Red;text-align:left"><b>SQL Error:</b> 1054: Unknown column 'Array' in 'field list'</span> in [/var/www/cakephp/cake/libs/model/datasources/dbo_source.php, line 681]
2010-08-16 15:25:40 Warning: Warning (512): <span style="color:Red;text-align:left"><b>SQL Error:</b> 1054: Unknown column 'Array' in 'field list'</span> in [/var/www/cakephp/cake/libs/model/datasources/dbo_source.php, line 681]
2010-08-16 15:26:09 Warning: Warning (512): <span style="color:Red;text-align:left"><b>SQL Error:</b> 1054: Unknown column 'Array' in 'field list'</span> in [/var/www/cakephp/cake/libs/model/datasources/dbo_source.php, line 681]
2010-08-16 15:30:37 Warning: Warning (512): <span style="color:Red;text-align:left"><b>SQL Error:</b> 1054: Unknown column 'Array' in 'field list'</span> in [/var/www/cakephp/cake/libs/model/datasources/dbo_source.php, line 681]
2010-08-16 15:32:33 Warning: Warning (512): <span style="color:Red;text-align:left"><b>SQL Error:</b> 1054: Unknown column 'Array' in 'field list'</span> in [/var/www/cakephp/cake/libs/model/datasources/dbo_source.php, line 681]
2010-08-16 15:32:51 Warning: Warning (512): <span style="color:Red;text-align:left"><b>SQL Error:</b> 1054: Unknown column 'Array' in 'field list'</span> in [/var/www/cakephp/cake/libs/model/datasources/dbo_source.php, line 681]
2010-08-16 15:56:09 Warning: Warning (2): explode() expects parameter 2 to be string, array given in [/var/www/cakephp/cake/libs/view/helper.php, line 415]
2010-08-16 15:56:09 Warning: Warning (2): array_values() expects parameter 1 to be array, boolean given in [/var/www/cakephp/cake/libs/view/helper.php, line 415]
2010-08-16 15:56:09 Warning: Warning (2): explode() expects parameter 2 to be string, array given in [/var/www/cakephp/cake/libs/view/view.php, line 626]
2010-08-16 15:56:09 Warning: Warning (2): array_shift() expects parameter 1 to be array, boolean given in [/var/www/cakephp/cake/libs/view/helper.php, line 612]
2010-08-16 15:56:09 Warning: Warning (2): array_map() [http://php.net/function.array-map]: Argument #2 should be an array in [/var/www/cakephp/cake/libs/view/helper.php, line 613]
2010-08-16 15:56:09 Warning: Warning (2): join() [http://php.net/function.join]: Invalid arguments passed in [/var/www/cakephp/cake/libs/view/helper.php, line 613]
2010-08-16 15:56:09 Warning: Warning (2): strpos() expects parameter 1 to be string, array given in [/var/www/cakephp/cake/libs/view/helpers/form.php, line 546]
2010-08-16 15:56:09 Warning: Warning (2): explode() expects parameter 2 to be string, array given in [/var/www/cakephp/cake/libs/view/helpers/form.php, line 547]
2010-08-16 15:56:10 Warning: Warning (2): array_pop() expects parameter 1 to be array, null given in [/var/www/cakephp/cake/libs/view/helpers/form.php, line 547]
2010-08-16 15:56:10 Warning: Warning (2): implode() [http://php.net/function.implode]: Invalid arguments passed in [/var/www/cakephp/cake/libs/view/helper.php, line 658]
2010-08-16 15:56:10 Warning: Warning (2): implode() [http://php.net/function.implode]: Invalid arguments passed in [/var/www/cakephp/cake/libs/view/helpers/form.php, line 441]
2010-08-16 15:56:28 Warning: Warning (2): explode() expects parameter 2 to be string, array given in [/var/www/cakephp/cake/libs/view/helper.php, line 415]
2010-08-16 15:56:28 Warning: Warning (2): array_values() expects parameter 1 to be array, boolean given in [/var/www/cakephp/cake/libs/view/helper.php, line 415]
2010-08-16 15:56:28 Warning: Warning (2): explode() expects parameter 2 to be string, array given in [/var/www/cakephp/cake/libs/view/view.php, line 626]
2010-08-16 15:56:28 Warning: Warning (2): array_shift() expects parameter 1 to be array, boolean given in [/var/www/cakephp/cake/libs/view/helper.php, line 612]
2010-08-16 15:56:28 Warning: Warning (2): array_map() [http://php.net/function.array-map]: Argument #2 should be an array in [/var/www/cakephp/cake/libs/view/helper.php, line 613]
2010-08-16 15:56:28 Warning: Warning (2): join() [http://php.net/function.join]: Invalid arguments passed in [/var/www/cakephp/cake/libs/view/helper.php, line 613]
2010-08-16 15:56:28 Warning: Warning (2): strpos() expects parameter 1 to be string, array given in [/var/www/cakephp/cake/libs/view/helpers/form.php, line 546]
2010-08-16 15:56:28 Warning: Warning (2): explode() expects parameter 2 to be string, array given in [/var/www/cakephp/cake/libs/view/helpers/form.php, line 547]
2010-08-16 15:56:28 Warning: Warning (2): array_pop() expects parameter 1 to be array, null given in [/var/www/cakephp/cake/libs/view/helpers/form.php, line 547]
2010-08-16 15:56:28 Warning: Warning (2): implode() [http://php.net/function.implode]: Invalid arguments passed in [/var/www/cakephp/cake/libs/view/helper.php, line 658]
2010-08-16 15:56:28 Warning: Warning (2): implode() [http://php.net/function.implode]: Invalid arguments passed in [/var/www/cakephp/cake/libs/view/helpers/form.php, line 441]
2010-08-16 15:56:51 Warning: Warning (2): explode() expects parameter 2 to be string, array given in [/var/www/cakephp/cake/libs/view/helper.php, line 415]
2010-08-16 15:56:51 Warning: Warning (2): array_values() expects parameter 1 to be array, boolean given in [/var/www/cakephp/cake/libs/view/helper.php, line 415]
2010-08-16 15:56:51 Warning: Warning (2): explode() expects parameter 2 to be string, array given in [/var/www/cakephp/cake/libs/view/view.php, line 626]
2010-08-16 15:56:51 Warning: Warning (2): array_shift() expects parameter 1 to be array, boolean given in [/var/www/cakephp/cake/libs/view/helper.php, line 612]
2010-08-16 15:56:51 Warning: Warning (2): array_map() [http://php.net/function.array-map]: Argument #2 should be an array in [/var/www/cakephp/cake/libs/view/helper.php, line 613]
2010-08-16 15:56:51 Warning: Warning (2): join() [http://php.net/function.join]: Invalid arguments passed in [/var/www/cakephp/cake/libs/view/helper.php, line 613]
2010-08-16 15:56:51 Warning: Warning (2): strpos() expects parameter 1 to be string, array given in [/var/www/cakephp/cake/libs/view/helpers/form.php, line 546]
2010-08-16 15:56:51 Warning: Warning (2): explode() expects parameter 2 to be string, array given in [/var/www/cakephp/cake/libs/view/helpers/form.php, line 547]
2010-08-16 15:56:51 Warning: Warning (2): array_pop() expects parameter 1 to be array, null given in [/var/www/cakephp/cake/libs/view/helpers/form.php, line 547]
2010-08-16 15:56:51 Warning: Warning (2): implode() [http://php.net/function.implode]: Invalid arguments passed in [/var/www/cakephp/cake/libs/view/helper.php, line 658]
2010-08-16 15:56:51 Warning: Warning (2): implode() [http://php.net/function.implode]: Invalid arguments passed in [/var/www/cakephp/cake/libs/view/helpers/form.php, line 441]
2010-08-16 16:01:15 Warning: Warning (2): array_merge() [http://php.net/function.array-merge]: Argument #3 is not an array in [/var/www/cakephp/cake/libs/view/helpers/form.php, line 713]
2010-08-16 16:54:44 Warning: Warning (2): Invalid argument supplied for foreach() in [/var/www/cakephp/app/views/eventos/ler.ctp, line 7]
2010-08-16 17:47:57 Warning: Warning (512): <span style="color:Red;text-align:left"><b>SQL Error:</b> 1054: Unknown column 'Array' in 'field list'</span> in [/var/www/cakephp/cake/libs/model/datasources/dbo_source.php, line 681]
2010-08-16 17:48:54 Warning: Warning (512): <span style="color:Red;text-align:left"><b>SQL Error:</b> 1054: Unknown column 'Array' in 'field list'</span> in [/var/www/cakephp/cake/libs/model/datasources/dbo_source.php, line 681]
2010-08-16 17:55:03 Warning: Warning (512): <span style="color:Red;text-align:left"><b>SQL Error:</b> 1054: Unknown column 'Array' in 'field list'</span> in [/var/www/cakephp/cake/libs/model/datasources/dbo_source.php, line 681]
2010-08-16 17:55:31 Warning: Warning (512): <span style="color:Red;text-align:left"><b>SQL Error:</b> 1054: Unknown column 'Array' in 'field list'</span> in [/var/www/cakephp/cake/libs/model/datasources/dbo_source.php, line 681]
2010-08-16 18:00:02 Warning: Warning (512): <span style="color:Red;text-align:left"><b>SQL Error:</b> 1054: Unknown column 'Array' in 'field list'</span> in [/var/www/cakephp/cake/libs/model/datasources/dbo_source.php, line 681]
2010-08-16 18:15:15 Warning: Warning (512): <span style="color:Red;text-align:left"><b>SQL Error:</b> 1054: Unknown column 'Array' in 'field list'</span> in [/var/www/cakephp/cake/libs/model/datasources/dbo_source.php, line 681]
2010-08-16 18:53:32 Warning: Warning (2): trim() expects parameter 1 to be string, array given in [/var/www/cakephp/cake/libs/controller/components/auth.php, line 877]
2010-08-16 19:10:09 Warning: Warning (2): trim() expects parameter 1 to be string, array given in [/var/www/cakephp/cake/libs/controller/components/auth.php, line 877]
2010-08-16 19:11:36 Warning: Warning (2): trim() expects parameter 1 to be string, array given in [/var/www/cakephp/cake/libs/controller/components/auth.php, line 877]
2010-08-16 22:31:03 Warning: Warning (2): trim() expects parameter 1 to be string, array given in [/var/www/cakephp/cake/libs/controller/components/auth.php, line 877]
2010-08-16 22:38:36 Warning: Warning (2): trim() expects parameter 1 to be string, array given in [/var/www/cakephp/cake/libs/controller/components/auth.php, line 877]
2010-08-17 00:14:47 Warning: Warning (2): trim() expects parameter 1 to be string, array given in [/var/www/cakephp/cake/libs/controller/components/auth.php, line 877]
2010-08-17 00:36:03 Warning: Warning (2): trim() expects parameter 1 to be string, array given in [/var/www/cakephp/cake/libs/controller/components/auth.php, line 877]
2010-08-17 00:39:48 Warning: Warning (2): trim() expects parameter 1 to be string, array given in [/var/www/cakephp/cake/libs/controller/components/auth.php, line 877]
2010-08-17 01:40:34 Warning: Warning (2): trim() expects parameter 1 to be string, array given in [/var/www/cakephp/cake/libs/controller/components/auth.php, line 877]
2010-08-17 01:42:19 Warning: Warning (2): trim() expects parameter 1 to be string, array given in [/var/www/cakephp/cake/libs/controller/components/auth.php, line 877]
2010-08-17 01:42:50 Warning: Warning (2): trim() expects parameter 1 to be string, array given in [/var/www/cakephp/cake/libs/controller/components/auth.php, line 877]
2010-08-17 03:07:39 Warning: Warning (2): Invalid argument supplied for foreach() in [/var/www/cakephp/app/views/eventos/index.ctp, line 4]
2010-08-17 03:35:24 Warning: Warning (2): trim() expects parameter 1 to be string, array given in [/var/www/cakephp/cake/libs/controller/components/auth.php, line 877]
2010-08-17 03:44:58 Warning: Warning (2): trim() expects parameter 1 to be string, array given in [/var/www/cakephp/cake/libs/controller/components/auth.php, line 877]
2010-08-17 03:45:28 Warning: Warning (2): trim() expects parameter 1 to be string, array given in [/var/www/cakephp/cake/libs/controller/components/auth.php, line 877]
2010-08-17 03:54:46 Warning: Warning (2): trim() expects parameter 1 to be string, array given in [/var/www/cakephp/cake/libs/controller/components/auth.php, line 877]
2010-08-17 03:59:49 Warning: Warning (2): trim() expects parameter 1 to be string, array given in [/var/www/cakephp/cake/libs/controller/components/auth.php, line 877]
2010-08-17 05:01:46 Warning: Warning (2): Invalid argument supplied for foreach() in [/var/www/cakephp/app/views/eventos/index.ctp, line 14]
2010-08-17 05:13:16 Warning: Warning (2): trim() expects parameter 1 to be string, array given in [/var/www/cakephp/cake/libs/controller/components/auth.php, line 877]
2010-08-17 06:01:47 Warning: Warning (2): trim() expects parameter 1 to be string, array given in [/var/www/cakephp/cake/libs/controller/components/auth.php, line 877]
2010-08-17 06:02:13 Warning: Warning (2): trim() expects parameter 1 to be string, array given in [/var/www/cakephp/cake/libs/controller/components/auth.php, line 877]
2010-08-17 16:06:26 Warning: Warning (2): trim() expects parameter 1 to be string, array given in [/var/www/cakephp/cake/libs/controller/components/auth.php, line 877]
2010-08-17 16:09:00 Warning: Warning (2): trim() expects parameter 1 to be string, array given in [/var/www/cakephp/cake/libs/controller/components/auth.php, line 877]
2010-08-17 20:36:29 Warning: Warning (2): trim() expects parameter 1 to be string, array given in [/var/www/cakephp/cake/libs/controller/components/auth.php, line 877]
2010-08-18 14:42:07 Warning: Warning (2): trim() expects parameter 1 to be string, array given in [/var/www/cakephp/cake/libs/controller/components/auth.php, line 877]
2010-08-18 17:51:20 Warning: Warning (2): trim() expects parameter 1 to be string, array given in [/var/www/cakephp/cake/libs/controller/components/auth.php, line 877]
2010-08-18 18:51:19 Warning: Warning (2): trim() expects parameter 1 to be string, array given in [/var/www/cakephp/cake/libs/controller/components/auth.php, line 877]
2010-08-19 11:30:58 Warning: Warning (2): trim() expects parameter 1 to be string, array given in [/var/www/cakephp/cake/libs/controller/components/auth.php, line 877]
2010-08-19 11:33:42 Warning: Warning (2): trim() expects parameter 1 to be string, array given in [/var/www/cakephp/cake/libs/controller/components/auth.php, line 877]
2010-08-19 12:12:33 Warning: Warning (4096): Object of class SessionHelper could not be converted to string in [/var/www/cakephp/app/views/registros/passo2.ctp, line 28]
2010-08-19 15:21:40 Warning: Warning (2): trim() expects parameter 1 to be string, array given in [/var/www/cakephp/cake/libs/controller/components/auth.php, line 877]
2010-08-23 22:36:11 Warning: Warning (2): mysql_connect() [http://php.net/function.mysql-connect]: Access denied for user 'root'@'localhost' (using password: NO) in [/var/www/cakephp/cake/libs/model/datasources/dbo/dbo_mysql.php, line 540]
2010-08-23 22:36:11 Warning: Warning (2): mysql_select_db() expects parameter 2 to be resource, boolean given in [/var/www/cakephp/cake/libs/model/datasources/dbo/dbo_mysql.php, line 546]
2010-08-23 22:36:11 Warning: Warning (2): mysql_get_server_info() expects parameter 1 to be resource, boolean given in [/var/www/cakephp/cake/libs/model/datasources/dbo/dbo_mysql.php, line 554]
2010-08-23 22:36:11 Warning: Warning (2): mysql_query() expects parameter 2 to be resource, boolean given in [/var/www/cakephp/cake/libs/model/datasources/dbo/dbo_mysql.php, line 588]
2010-08-23 22:36:11 Warning: Warning (2): Cannot modify header information - headers already sent by (output started at /var/www/cakephp/cake/libs/debugger.php:673) in [/var/www/cakephp/cake/libs/controller/controller.php, line 746]
2010-08-23 23:20:05 Error: Fatal Error (256): ConnectionManager::getDataSource - Fonte de dados posts não existente in [/var/www/cakephp/cake/libs/model/connection_manager.php, line 102]
2010-08-23 23:21:24 Error: Fatal Error (256): ConnectionManager::getDataSource - Fonte de dados posts não existente in [/var/www/cakephp/cake/libs/model/connection_manager.php, line 102]
2010-08-23 23:22:50 Error: Fatal Error (256): ConnectionManager::getDataSource - Fonte de dados posts não existente in [/var/www/cakephp/cake/libs/model/connection_manager.php, line 102]
2010-08-23 23:22:51 Error: Fatal Error (256): ConnectionManager::getDataSource - Fonte de dados posts não existente in [/var/www/cakephp/cake/libs/model/connection_manager.php, line 102]
2010-08-23 23:22:55 Error: Fatal Error (256): ConnectionManager::getDataSource - Fonte de dados posts não existente in [/var/www/cakephp/cake/libs/model/connection_manager.php, line 102]
2010-08-24 04:13:57 Warning: Warning (2): preg_match() [http://php.net/function.preg-match]: Delimiter must not be alphanumeric or backslash in [/var/www/cakephp/cake/libs/validation.php, line 946]
2010-08-24 04:14:20 Warning: Warning (2): preg_match() [http://php.net/function.preg-match]: Delimiter must not be alphanumeric or backslash in [/var/www/cakephp/cake/libs/validation.php, line 946]
2010-08-24 04:59:29 Warning: Warning (2): Cannot modify header information - headers already sent by (output started at /var/www/cakephp/cake/libs/debugger.php:673) in [/var/www/cakephp/cake/libs/controller/controller.php, line 746]
2010-08-24 04:59:45 Warning: Warning (2): Cannot modify header information - headers already sent by (output started at /var/www/cakephp/cake/libs/debugger.php:673) in [/var/www/cakephp/cake/libs/controller/controller.php, line 746]
2010-08-24 05:37:17 Warning: Warning (2): explode() expects parameter 2 to be string, array given in [/var/www/cakephp/cake/libs/view/helper.php, line 415]
2010-08-24 05:37:17 Warning: Warning (2): array_values() expects parameter 1 to be array, boolean given in [/var/www/cakephp/cake/libs/view/helper.php, line 415]
2010-08-24 05:37:17 Warning: Warning (2): explode() expects parameter 2 to be string, array given in [/var/www/cakephp/cake/libs/view/view.php, line 626]
2010-08-24 05:37:17 Warning: Warning (2): array_shift() expects parameter 1 to be array, boolean given in [/var/www/cakephp/cake/libs/view/helper.php, line 612]
2010-08-24 05:37:17 Warning: Warning (2): array_map() [http://php.net/function.array-map]: Argument #2 should be an array in [/var/www/cakephp/cake/libs/view/helper.php, line 613]
2010-08-24 05:37:17 Warning: Warning (2): join() [http://php.net/function.join]: Invalid arguments passed in [/var/www/cakephp/cake/libs/view/helper.php, line 613]
2010-08-24 05:37:17 Warning: Warning (2): strpos() expects parameter 1 to be string, array given in [/var/www/cakephp/cake/libs/view/helpers/form.php, line 546]
2010-08-24 05:37:17 Warning: Warning (2): explode() expects parameter 2 to be string, array given in [/var/www/cakephp/cake/libs/view/helpers/form.php, line 547]
2010-08-24 05:37:17 Warning: Warning (2): array_pop() expects parameter 1 to be array, null given in [/var/www/cakephp/cake/libs/view/helpers/form.php, line 547]
2010-08-24 05:37:17 Warning: Warning (2): implode() [http://php.net/function.implode]: Invalid arguments passed in [/var/www/cakephp/cake/libs/view/helper.php, line 658]
2010-08-24 13:31:18 Warning: Warning (2): Invalid argument supplied for foreach() in [/var/www/cakephp/app/views/eventos/index.ctp, line 8]
2010-08-24 13:34:16 Warning: Warning (2): Invalid argument supplied for foreach() in [/var/www/cakephp/app/views/eventos/index.ctp, line 22]
2010-08-24 13:34:16 Warning: Warning (2): Invalid argument supplied for foreach() in [/var/www/cakephp/app/views/eventos/index.ctp, line 22]
2010-08-24 17:22:21 Warning: Warning (512): <span style="color:Red;text-align:left"><b>Erro:</b> 1052: Column 'id' in order clause is ambiguous</span> in [/var/www/cakephp/cake/libs/model/datasources/dbo_source.php, line 681]
2010-08-24 17:22:21 Warning: Warning (2): Invalid argument supplied for foreach() in [/var/www/cakephp/app/views/registros/index.ctp, line 26]
2010-08-24 17:24:01 Warning: Warning (512): <span style="color:Red;text-align:left"><b>Erro:</b> 1054: Unknown column 'registro.id' in 'order clause'</span> in [/var/www/cakephp/cake/libs/model/datasources/dbo_source.php, line 681]
2010-08-24 17:24:01 Warning: Warning (2): Invalid argument supplied for foreach() in [/var/www/cakephp/app/views/registros/index.ctp, line 26]
2010-08-24 17:25:18 Warning: Warning (512): <span style="color:Red;text-align:left"><b>Erro:</b> 1054: Unknown column 'registros.nome' in 'order clause'</span> in [/var/www/cakephp/cake/libs/model/datasources/dbo_source.php, line 681]
2010-08-24 17:25:19 Warning: Warning (2): Invalid argument supplied for foreach() in [/var/www/cakephp/app/views/registros/index.ctp, line 26]
2010-08-24 17:25:22 Warning: Warning (512): <span style="color:Red;text-align:left"><b>Erro:</b> 1054: Unknown column 'registros.nome' in 'order clause'</span> in [/var/www/cakephp/cake/libs/model/datasources/dbo_source.php, line 681]
2010-08-24 17:25:22 Warning: Warning (2): Invalid argument supplied for foreach() in [/var/www/cakephp/app/views/registros/index.ctp, line 26]
2010-08-24 17:25:28 Warning: Warning (512): <span style="color:Red;text-align:left"><b>Erro:</b> 1054: Unknown column 'Registros.nome' in 'order clause'</span> in [/var/www/cakephp/cake/libs/model/datasources/dbo_source.php, line 681]
2010-08-24 17:25:28 Warning: Warning (2): Invalid argument supplied for foreach() in [/var/www/cakephp/app/views/registros/index.ctp, line 26]
2010-08-25 20:40:36 Warning: Warning (2): mysql_num_rows() expects parameter 1 to be resource, null given in [/var/www/cakephp/app/views/eventos/list_eventos.ctp, line 4]
2010-08-25 20:41:31 Warning: Warning (2): mysql_num_rows() expects parameter 1 to be resource, null given in [/var/www/cakephp/app/views/eventos/list_eventos.ctp, line 5]
2010-08-25 20:41:44 Warning: Warning (2): mysql_num_rows() expects parameter 1 to be resource, array given in [/var/www/cakephp/app/views/eventos/list_eventos.ctp, line 5]
2010-08-25 23:53:37 Warning: Warning (2): Missing argument 2 for HtmlHelper::para(), called in /var/www/cakephp/app/views/eventos/index.ctp on line 5 and defined in [/var/www/cakephp/cake/libs/view/helpers/html.php, line 772]
2010-08-25 23:54:18 Warning: Warning (2): Missing argument 2 for HtmlHelper::para(), called in /var/www/cakephp/app/views/eventos/index.ctp on line 5 and defined in [/var/www/cakephp/cake/libs/view/helpers/html.php, line 772]
2010-08-26 02:10:44 Warning: Warning (512): <span style="color:Red;text-align:left"><b>Erro:</b> 1064: You have an error in your SQL syntax; check the manual that corresponds to your MySQL server version for the right syntax to use near 'findAll' at line 1</span> in [/var/www/cakephp/cake/libs/model/datasources/dbo_source.php, line 681]
2010-08-26 02:10:45 Warning: Warning (512): <span style="color:Red;text-align:left"><b>Erro:</b> 1064: You have an error in your SQL syntax; check the manual that corresponds to your MySQL server version for the right syntax to use near 'findAll' at line 1</span> in [/var/www/cakephp/cake/libs/model/datasources/dbo_source.php, line 681]
2010-08-26 02:10:58 Warning: Warning (512): <span style="color:Red;text-align:left"><b>Erro:</b> 1064: You have an error in your SQL syntax; check the manual that corresponds to your MySQL server version for the right syntax to use near 'findAll' at line 1</span> in [/var/www/cakephp/cake/libs/model/datasources/dbo_source.php, line 681]
2010-08-26 02:13:01 Warning: Warning (512): <span style="color:Red;text-align:left"><b>Erro:</b> 1064: You have an error in your SQL syntax; check the manual that corresponds to your MySQL server version for the right syntax to use near '= (1)' at line 1</span> in [/var/www/cakephp/cake/libs/model/datasources/dbo_source.php, line 681]
2010-08-26 02:13:46 Warning: Warning (512): <span style="color:Red;text-align:left"><b>Erro:</b> 1064: You have an error in your SQL syntax; check the manual that corresponds to your MySQL server version for the right syntax to use near '= (1)' at line 1</span> in [/var/www/cakephp/cake/libs/model/datasources/dbo_source.php, line 681]
2010-08-26 02:16:47 Warning: Warning (512): <span style="color:Red;text-align:left"><b>Erro:</b> 1064: You have an error in your SQL syntax; check the manual that corresponds to your MySQL server version for the right syntax to use near '= (1)' at line 1</span> in [/var/www/cakephp/cake/libs/model/datasources/dbo_source.php, line 681]
2010-08-26 02:16:58 Warning: Warning (512): <span style="color:Red;text-align:left"><b>Erro:</b> 1064: You have an error in your SQL syntax; check the manual that corresponds to your MySQL server version for the right syntax to use near '= (1)' at line 1</span> in [/var/www/cakephp/cake/libs/model/datasources/dbo_source.php, line 681]
2010-08-26 02:22:09 Warning: Warning (512): <span style="color:Red;text-align:left"><b>Erro:</b> 1064: You have an error in your SQL syntax; check the manual that corresponds to your MySQL server version for the right syntax to use near '= (NULL)' at line 1</span> in [/var/www/cakephp/cake/libs/model/datasources/dbo_source.php, line 681]
2010-08-26 02:22:55 Warning: Warning (512): <span style="color:Red;text-align:left"><b>Erro:</b> 1064: You have an error in your SQL syntax; check the manual that corresponds to your MySQL server version for the right syntax to use near '= (1)' at line 1</span> in [/var/www/cakephp/cake/libs/model/datasources/dbo_source.php, line 681]
2010-08-26 02:24:04 Warning: Warning (512): <span style="color:Red;text-align:left"><b>Erro:</b> 1064: You have an error in your SQL syntax; check the manual that corresponds to your MySQL server version for the right syntax to use near '= (1)' at line 1</span> in [/var/www/cakephp/cake/libs/model/datasources/dbo_source.php, line 681]
2010-08-26 02:24:58 Warning: Warning (512): <span style="color:Red;text-align:left"><b>Erro:</b> 1064: You have an error in your SQL syntax; check the manual that corresponds to your MySQL server version for the right syntax to use near '= (1)' at line 1</span> in [/var/www/cakephp/cake/libs/model/datasources/dbo_source.php, line 681]
2010-08-26 02:26:31 Warning: Warning (512): <span style="color:Red;text-align:left"><b>Erro:</b> 1064: You have an error in your SQL syntax; check the manual that corresponds to your MySQL server version for the right syntax to use near '= (1)' at line 1</span> in [/var/www/cakephp/cake/libs/model/datasources/dbo_source.php, line 681]
2010-08-26 02:36:25 Warning: Warning (512): <span style="color:Red;text-align:left"><b>Erro:</b> 1064: You have an error in your SQL syntax; check the manual that corresponds to your MySQL server version for the right syntax to use near '= (1)' at line 1</span> in [/var/www/cakephp/cake/libs/model/datasources/dbo_source.php, line 681]
2010-08-26 02:37:35 Warning: Warning (512): <span style="color:Red;text-align:left"><b>Erro:</b> 1064: You have an error in your SQL syntax; check the manual that corresponds to your MySQL server version for the right syntax to use near 'findAll' at line 1</span> in [/var/www/cakephp/cake/libs/model/datasources/dbo_source.php, line 681]
2010-08-26 03:24:46 Warning: Warning (512): <span style="color:Red;text-align:left"><b>Erro:</b> 1064: You have an error in your SQL syntax; check the manual that corresponds to your MySQL server version for the right syntax to use near 'findAll' at line 1</span> in [/var/www/cakephp/cake/libs/model/datasources/dbo_source.php, line 681]
2010-08-26 03:25:03 Warning: Warning (512): <span style="color:Red;text-align:left"><b>Erro:</b> 1064: You have an error in your SQL syntax; check the manual that corresponds to your MySQL server version for the right syntax to use near 'All    LIMIT 1' at line 1</span> in [/var/www/cakephp/cake/libs/model/datasources/dbo_source.php, line 681]
2010-08-26 03:25:33 Warning: Warning (512): <span style="color:Red;text-align:left"><b>Erro:</b> 1064: You have an error in your SQL syntax; check the manual that corresponds to your MySQL server version for the right syntax to use near 'All    LIMIT 1' at line 1</span> in [/var/www/cakephp/cake/libs/model/datasources/dbo_source.php, line 681]
2010-08-26 03:25:41 Warning: Warning (512): <span style="color:Red;text-align:left"><b>Erro:</b> 1064: You have an error in your SQL syntax; check the manual that corresponds to your MySQL server version for the right syntax to use near 'findAll' at line 1</span> in [/var/www/cakephp/cake/libs/model/datasources/dbo_source.php, line 681]
2010-08-26 03:28:51 Warning: Warning (512): <span style="color:Red;text-align:left"><b>Erro:</b> 1064: You have an error in your SQL syntax; check the manual that corresponds to your MySQL server version for the right syntax to use near 'findAll' at line 1</span> in [/var/www/cakephp/cake/libs/model/datasources/dbo_source.php, line 681]
2010-09-01 20:18:04 Warning: Warning (2): Invalid argument supplied for foreach() in [/var/www/siscad_0.7/app/views/registros/cadastro.ctp, line 56]
2010-09-01 20:20:16 Warning: Warning (2): Invalid argument supplied for foreach() in [/var/www/siscad_0.7/app/views/registros/cadastro.ctp, line 56]
